This is pdfTeX, Version 3.141592653-2.6-1.40.26 (MiKTeX 24.4) (preloaded format=pdflatex 2024.10.23)  5 NOV 2024 13:54
entering extended mode
 restricted \write18 enabled.
 file:line:error style messages enabled.
 %&-line parsing enabled.
**c:/Users/Soheil/Desktop/Enigma-Code/src/templates/resumes/professional/template.tex
(c:/Users/Soheil/Desktop/Enigma-Code/src/templates/resumes/professional/template.tex
LaTeX2e <2024-06-01> patch level 2
L3 programming layer <2024-09-10>
)
! Emergency stop.
<*> ...templates/resumes/professional/template.tex
                                                  
*** (job aborted, no legal \end found)

 
Here is how much of TeX's memory you used:
 17 strings out of 473899
 590 string characters out of 5726027
 386323 words of memory out of 5000000
 22989 multiletter control sequences out of 15000+600000
 558069 words of font info for 36 fonts, out of 8000000 for 9000
 1141 hyphenation exceptions out of 8191
 12i,0n,13p,115b,8s stack positions out of 10000i,1000n,20000p,200000b,200000s
!  ==> Fatal error occurred, no output PDF file produced!
